INFO:root:Starting generation: 0
INFO:root:Seeds for generation: [3954437333, 525664483, 3045102895, 2723197753, 2868734686, 3936842210, 3272270497, 3223653743, 1091651546, 2569187017]
INFO:root:pop 0 at test 0 with seed 3954437333
INFO:root:partial fitness = 0.000000
INFO:root:pop 0 at test 1 with seed 525664483
INFO:root:partial fitness = 0.000000
INFO:root:pop 0 at test 2 with seed 3045102895
INFO:root:partial fitness = 0.000000
INFO:root:pop 0 at test 3 with seed 2723197753
INFO:root:partial fitness = 0.000000
INFO:root:pop 0 at test 4 with seed 2868734686
INFO:root:partial fitness = 0.000000
INFO:root:pop 0 at test 5 with seed 3936842210
INFO:root:partial fitness = 0.000000
INFO:root:pop 0 at test 6 with seed 3272270497
INFO:root:partial fitness = 0.000000
INFO:root:pop 0 at test 7 with seed 3223653743
INFO:root:partial fitness = 0.000000
INFO:root:pop 0 at test 8 with seed 1091651546
INFO:root:partial fitness = 0.000000
INFO:root:pop 0 at test 9 with seed 2569187017
INFO:root:partial fitness = 0.000000
INFO:root:pop 0 at test 0 with seed 3954437333
INFO:root:partial fitness = 0.000000
INFO:root:pop 0 at test 1 with seed 525664483
INFO:root:partial fitness = 0.000000
INFO:root:pop 0 at test 2 with seed 3045102895
INFO:root:partial fitness = 0.000000
INFO:root:pop 0 at test 3 with seed 2723197753
INFO:root:partial fitness = 0.000000
INFO:root:pop 0 at test 4 with seed 2868734686
INFO:root:partial fitness = 0.000000
INFO:root:pop 0 at test 5 with seed 3936842210
INFO:root:partial fitness = 0.000000
INFO:root:pop 0 at test 6 with seed 3272270497
INFO:root:partial fitness = 0.000000
INFO:root:pop 0 at test 7 with seed 3223653743
INFO:root:partial fitness = 0.000000
INFO:root:pop 0 at test 8 with seed 1091651546
INFO:root:partial fitness = 0.000000
INFO:root:pop 0 at test 9 with seed 2569187017
INFO:root:partial fitness = 0.000000
INFO:root:pop 1 at test 0 with seed 3954437333
INFO:root:partial fitness = 0.000000
INFO:root:pop 1 at test 1 with seed 525664483
INFO:root:partial fitness = 0.000000
INFO:root:pop 1 at test 2 with seed 3045102895
INFO:root:partial fitness = 0.000000
INFO:root:pop 1 at test 3 with seed 2723197753
INFO:root:partial fitness = 0.000000
INFO:root:pop 1 at test 4 with seed 2868734686
INFO:root:partial fitness = 0.000000
INFO:root:pop 1 at test 5 with seed 3936842210
INFO:root:partial fitness = 0.000000
INFO:root:pop 1 at test 6 with seed 3272270497
INFO:root:partial fitness = 0.000000
INFO:root:pop 1 at test 7 with seed 3223653743
INFO:root:partial fitness = 0.000000
INFO:root:pop 1 at test 8 with seed 1091651546
INFO:root:partial fitness = 0.000000
INFO:root:pop 1 at test 9 with seed 2569187017
INFO:root:partial fitness = 0.000000
INFO:root:pop 1 at test 0 with seed 3954437333
INFO:root:partial fitness = 0.000000
INFO:root:pop 1 at test 1 with seed 525664483
INFO:root:partial fitness = 0.000000
INFO:root:pop 1 at test 2 with seed 3045102895
INFO:root:partial fitness = 0.000000
INFO:root:pop 1 at test 3 with seed 2723197753
INFO:root:partial fitness = 0.000000
INFO:root:pop 1 at test 4 with seed 2868734686
INFO:root:partial fitness = 0.000000
INFO:root:pop 1 at test 5 with seed 3936842210
INFO:root:partial fitness = 0.000000
INFO:root:pop 1 at test 6 with seed 3272270497
INFO:root:partial fitness = 0.000000
INFO:root:pop 1 at test 7 with seed 3223653743
INFO:root:partial fitness = 0.000000
INFO:root:pop 1 at test 8 with seed 1091651546
INFO:root:partial fitness = 0.000000
INFO:root:pop 1 at test 9 with seed 2569187017
INFO:root:partial fitness = 0.000000
INFO:root:pop 2 at test 0 with seed 3954437333
INFO:root:partial fitness = 0.000000
INFO:root:pop 2 at test 1 with seed 525664483
INFO:root:partial fitness = 0.000000
INFO:root:pop 2 at test 2 with seed 3045102895
INFO:root:partial fitness = 0.000000
INFO:root:pop 2 at test 3 with seed 2723197753
INFO:root:partial fitness = 0.000000
INFO:root:pop 2 at test 4 with seed 2868734686
INFO:root:partial fitness = 0.000000
INFO:root:pop 2 at test 5 with seed 3936842210
INFO:root:partial fitness = 0.000000
INFO:root:pop 2 at test 6 with seed 3272270497
INFO:root:partial fitness = 0.000000
INFO:root:pop 2 at test 7 with seed 3223653743
INFO:root:partial fitness = 0.000000
INFO:root:pop 2 at test 8 with seed 1091651546
INFO:root:partial fitness = 0.000000
INFO:root:pop 2 at test 9 with seed 2569187017
INFO:root:partial fitness = 0.000000
INFO:root:pop 2 at test 0 with seed 3954437333
INFO:root:partial fitness = 0.000000
INFO:root:pop 2 at test 1 with seed 525664483
INFO:root:partial fitness = 0.000000
INFO:root:pop 2 at test 2 with seed 3045102895
INFO:root:partial fitness = 0.000000
INFO:root:pop 2 at test 3 with seed 2723197753
INFO:root:partial fitness = 0.000000
INFO:root:pop 2 at test 4 with seed 2868734686
INFO:root:partial fitness = 0.000000
INFO:root:pop 2 at test 5 with seed 3936842210
INFO:root:partial fitness = 0.000000
INFO:root:pop 2 at test 6 with seed 3272270497
INFO:root:partial fitness = 0.000000
INFO:root:pop 2 at test 7 with seed 3223653743
INFO:root:partial fitness = 0.000000
INFO:root:pop 2 at test 8 with seed 1091651546
INFO:root:partial fitness = 0.000000
INFO:root:pop 2 at test 9 with seed 2569187017
INFO:root:partial fitness = 0.000000
INFO:root:pop 3 at test 0 with seed 3954437333
INFO:root:partial fitness = 0.000000
INFO:root:pop 3 at test 1 with seed 525664483
INFO:root:partial fitness = 0.000000
INFO:root:pop 3 at test 2 with seed 3045102895
INFO:root:partial fitness = 0.000000
INFO:root:pop 3 at test 3 with seed 2723197753
INFO:root:partial fitness = 0.000000
INFO:root:pop 3 at test 4 with seed 2868734686
INFO:root:partial fitness = 0.000000
INFO:root:pop 3 at test 5 with seed 3936842210
INFO:root:partial fitness = 0.000000
INFO:root:pop 3 at test 6 with seed 3272270497
INFO:root:partial fitness = 0.000000
INFO:root:pop 3 at test 7 with seed 3223653743
INFO:root:partial fitness = 0.000000
INFO:root:pop 3 at test 8 with seed 1091651546
INFO:root:partial fitness = 0.000000
INFO:root:pop 3 at test 9 with seed 2569187017
INFO:root:partial fitness = 0.000000
INFO:root:pop 3 at test 0 with seed 3954437333
INFO:root:partial fitness = 0.000000
INFO:root:pop 3 at test 1 with seed 525664483
INFO:root:partial fitness = 0.000000
INFO:root:pop 3 at test 2 with seed 3045102895
INFO:root:partial fitness = 0.000000
INFO:root:pop 3 at test 3 with seed 2723197753
INFO:root:partial fitness = 0.000000
INFO:root:pop 3 at test 4 with seed 2868734686
INFO:root:partial fitness = 0.000000
INFO:root:pop 3 at test 5 with seed 3936842210
INFO:root:partial fitness = 0.000000
INFO:root:pop 3 at test 6 with seed 3272270497
INFO:root:partial fitness = 0.000000
INFO:root:pop 3 at test 7 with seed 3223653743
INFO:root:partial fitness = 0.000000
INFO:root:pop 3 at test 8 with seed 1091651546
INFO:root:partial fitness = 0.000000
INFO:root:pop 3 at test 9 with seed 2569187017
INFO:root:partial fitness = 0.000000
INFO:root:pop 4 at test 0 with seed 3954437333
INFO:root:partial fitness = 0.000000
INFO:root:pop 4 at test 1 with seed 525664483
INFO:root:partial fitness = 0.000000
INFO:root:pop 4 at test 2 with seed 3045102895
INFO:root:partial fitness = 0.000000
INFO:root:pop 4 at test 3 with seed 2723197753
INFO:root:partial fitness = 0.000000
INFO:root:pop 4 at test 4 with seed 2868734686
INFO:root:partial fitness = 0.000000
INFO:root:pop 4 at test 5 with seed 3936842210
INFO:root:partial fitness = 0.000000
INFO:root:pop 4 at test 6 with seed 3272270497
INFO:root:partial fitness = 0.000000
INFO:root:pop 4 at test 7 with seed 3223653743
INFO:root:partial fitness = 0.000000
INFO:root:pop 4 at test 8 with seed 1091651546
INFO:root:partial fitness = 0.000000
INFO:root:pop 4 at test 9 with seed 2569187017
INFO:root:partial fitness = 0.000000
INFO:root:pop 4 at test 0 with seed 3954437333
INFO:root:partial fitness = 0.000000
INFO:root:pop 4 at test 1 with seed 525664483
INFO:root:partial fitness = 0.000000
INFO:root:pop 4 at test 2 with seed 3045102895
INFO:root:partial fitness = 0.000000
INFO:root:pop 4 at test 3 with seed 2723197753
INFO:root:partial fitness = 0.000000
INFO:root:pop 4 at test 4 with seed 2868734686
INFO:root:partial fitness = 0.000000
INFO:root:pop 4 at test 5 with seed 3936842210
INFO:root:partial fitness = 0.000000
INFO:root:pop 4 at test 6 with seed 3272270497
INFO:root:partial fitness = 0.000000
INFO:root:pop 4 at test 7 with seed 3223653743
INFO:root:partial fitness = 0.000000
INFO:root:pop 4 at test 8 with seed 1091651546
INFO:root:partial fitness = 0.000000
INFO:root:pop 4 at test 9 with seed 2569187017
INFO:root:partial fitness = 0.000000
INFO:root:pop 0 total fitness = 0
INFO:root:pop 0 avg fitness = 0
INFO:root:pop 1 total fitness = 0
INFO:root:pop 1 avg fitness = 0
INFO:root:pop 2 total fitness = 0
INFO:root:pop 2 avg fitness = 0
INFO:root:pop 3 total fitness = 0
INFO:root:pop 3 avg fitness = 0
INFO:root:pop 4 total fitness = 0
INFO:root:pop 4 avg fitness = 0
