INFO:root:Starting generation: 0
INFO:root:Seeds for generation: [2020012415, 1093075510, 2636374103, 1620230252, 1800317193, 3164707275, 1536250782, 3473250070, 2253942771, 2345493813]
INFO:root:pop 0 at test 0 with seed 2020012415
INFO:root:partial fitness = 0.000000
INFO:root:pop 0 at test 1 with seed 1093075510
INFO:root:partial fitness = 0.000000
INFO:root:pop 0 at test 2 with seed 2636374103
INFO:root:partial fitness = 0.000000
INFO:root:pop 0 at test 3 with seed 1620230252
INFO:root:partial fitness = 0.000000
INFO:root:pop 0 at test 4 with seed 1800317193
INFO:root:partial fitness = 0.000000
INFO:root:pop 0 at test 5 with seed 3164707275
INFO:root:partial fitness = 0.000000
INFO:root:pop 0 at test 6 with seed 1536250782
INFO:root:partial fitness = 0.000000
INFO:root:pop 0 at test 7 with seed 3473250070
INFO:root:partial fitness = 0.000000
INFO:root:pop 0 at test 8 with seed 2253942771
INFO:root:partial fitness = 0.000000
INFO:root:pop 0 at test 9 with seed 2345493813
INFO:root:partial fitness = 0.000000
INFO:root:pop 1 at test 0 with seed 2020012415
INFO:root:partial fitness = 0.000000
INFO:root:pop 1 at test 1 with seed 1093075510
INFO:root:partial fitness = 0.000000
INFO:root:pop 1 at test 2 with seed 2636374103
INFO:root:partial fitness = 0.000000
INFO:root:pop 1 at test 3 with seed 1620230252
INFO:root:partial fitness = 0.000000
INFO:root:pop 1 at test 4 with seed 1800317193
INFO:root:partial fitness = 0.000000
INFO:root:pop 1 at test 5 with seed 3164707275
INFO:root:partial fitness = 0.000000
INFO:root:pop 1 at test 6 with seed 1536250782
INFO:root:partial fitness = 0.000000
INFO:root:pop 1 at test 7 with seed 3473250070
INFO:root:partial fitness = 0.000000
INFO:root:pop 1 at test 8 with seed 2253942771
INFO:root:partial fitness = 0.000000
INFO:root:pop 1 at test 9 with seed 2345493813
INFO:root:partial fitness = 0.000000
INFO:root:pop 2 at test 0 with seed 2020012415
INFO:root:partial fitness = 0.000000
INFO:root:pop 2 at test 1 with seed 1093075510
INFO:root:partial fitness = 0.000000
INFO:root:pop 2 at test 2 with seed 2636374103
INFO:root:partial fitness = 0.000000
INFO:root:pop 2 at test 3 with seed 1620230252
INFO:root:partial fitness = 0.000000
INFO:root:pop 2 at test 4 with seed 1800317193
INFO:root:partial fitness = 0.000000
INFO:root:pop 2 at test 5 with seed 3164707275
INFO:root:partial fitness = 0.000000
INFO:root:pop 2 at test 6 with seed 1536250782
INFO:root:partial fitness = 0.000000
INFO:root:pop 2 at test 7 with seed 3473250070
INFO:root:partial fitness = 0.000000
INFO:root:pop 2 at test 8 with seed 2253942771
INFO:root:partial fitness = 0.000000
INFO:root:pop 2 at test 9 with seed 2345493813
INFO:root:partial fitness = 0.000000
INFO:root:pop 3 at test 0 with seed 2020012415
INFO:root:partial fitness = 0.000000
INFO:root:pop 3 at test 1 with seed 1093075510
INFO:root:partial fitness = 0.000000
INFO:root:pop 3 at test 2 with seed 2636374103
INFO:root:partial fitness = 0.000000
INFO:root:pop 3 at test 3 with seed 1620230252
INFO:root:partial fitness = 0.000000
INFO:root:pop 3 at test 4 with seed 1800317193
INFO:root:partial fitness = 0.000000
INFO:root:pop 3 at test 5 with seed 3164707275
INFO:root:partial fitness = 0.000000
INFO:root:pop 3 at test 6 with seed 1536250782
INFO:root:partial fitness = 0.000000
INFO:root:pop 3 at test 7 with seed 3473250070
INFO:root:partial fitness = 0.000000
INFO:root:pop 3 at test 8 with seed 2253942771
INFO:root:partial fitness = 0.000000
INFO:root:pop 3 at test 9 with seed 2345493813
INFO:root:partial fitness = 0.000000
INFO:root:pop 4 at test 0 with seed 2020012415
INFO:root:partial fitness = 0.000000
INFO:root:pop 4 at test 1 with seed 1093075510
INFO:root:partial fitness = 0.000000
INFO:root:pop 4 at test 2 with seed 2636374103
INFO:root:partial fitness = 0.000000
INFO:root:pop 4 at test 3 with seed 1620230252
INFO:root:partial fitness = 0.000000
INFO:root:pop 4 at test 4 with seed 1800317193
INFO:root:partial fitness = 0.000000
INFO:root:pop 4 at test 5 with seed 3164707275
INFO:root:partial fitness = 0.000000
INFO:root:pop 4 at test 6 with seed 1536250782
INFO:root:partial fitness = 0.000000
INFO:root:pop 4 at test 7 with seed 3473250070
INFO:root:partial fitness = 0.000000
INFO:root:pop 4 at test 8 with seed 2253942771
INFO:root:partial fitness = 0.000000
INFO:root:pop 4 at test 9 with seed 2345493813
INFO:root:partial fitness = 0.000000
INFO:root:pop 5 at test 0 with seed 2020012415
INFO:root:partial fitness = 0.000000
INFO:root:pop 5 at test 1 with seed 1093075510
INFO:root:partial fitness = 0.000000
INFO:root:pop 5 at test 2 with seed 2636374103
INFO:root:partial fitness = 0.000000
INFO:root:pop 5 at test 3 with seed 1620230252
INFO:root:partial fitness = 0.000000
INFO:root:pop 5 at test 4 with seed 1800317193
INFO:root:partial fitness = 0.000000
INFO:root:pop 5 at test 5 with seed 3164707275
INFO:root:partial fitness = 0.000000
INFO:root:pop 5 at test 6 with seed 1536250782
INFO:root:partial fitness = 0.000000
INFO:root:pop 5 at test 7 with seed 3473250070
INFO:root:partial fitness = 0.000000
INFO:root:pop 5 at test 8 with seed 2253942771
INFO:root:partial fitness = 0.000000
INFO:root:pop 5 at test 9 with seed 2345493813
INFO:root:partial fitness = 0.000000
INFO:root:pop 6 at test 0 with seed 2020012415
INFO:root:partial fitness = 0.000000
INFO:root:pop 6 at test 1 with seed 1093075510
INFO:root:partial fitness = 0.000000
INFO:root:pop 6 at test 2 with seed 2636374103
INFO:root:partial fitness = 0.000000
INFO:root:pop 6 at test 3 with seed 1620230252
INFO:root:partial fitness = 0.000000
INFO:root:pop 6 at test 4 with seed 1800317193
INFO:root:partial fitness = 0.000000
INFO:root:pop 6 at test 5 with seed 3164707275
INFO:root:partial fitness = 0.000000
INFO:root:pop 6 at test 6 with seed 1536250782
INFO:root:partial fitness = 0.000000
INFO:root:pop 6 at test 7 with seed 3473250070
INFO:root:partial fitness = 0.000000
INFO:root:pop 6 at test 8 with seed 2253942771
INFO:root:partial fitness = 0.000000
INFO:root:pop 6 at test 9 with seed 2345493813
INFO:root:partial fitness = 0.000000
INFO:root:pop 7 at test 0 with seed 2020012415
INFO:root:partial fitness = 0.000000
INFO:root:pop 7 at test 1 with seed 1093075510
INFO:root:partial fitness = 0.000000
INFO:root:pop 7 at test 2 with seed 2636374103
INFO:root:partial fitness = 0.000000
INFO:root:pop 7 at test 3 with seed 1620230252
INFO:root:partial fitness = 0.000000
INFO:root:pop 7 at test 4 with seed 1800317193
INFO:root:partial fitness = 0.000000
INFO:root:pop 7 at test 5 with seed 3164707275
INFO:root:partial fitness = 0.000000
INFO:root:pop 7 at test 6 with seed 1536250782
INFO:root:partial fitness = 0.000000
INFO:root:pop 7 at test 7 with seed 3473250070
INFO:root:partial fitness = 0.000000
INFO:root:pop 7 at test 8 with seed 2253942771
INFO:root:partial fitness = 0.000000
INFO:root:pop 7 at test 9 with seed 2345493813
INFO:root:partial fitness = 0.000000
INFO:root:pop 8 at test 0 with seed 2020012415
INFO:root:partial fitness = 0.000000
INFO:root:pop 8 at test 1 with seed 1093075510
INFO:root:partial fitness = 0.000000
INFO:root:pop 8 at test 2 with seed 2636374103
INFO:root:partial fitness = 0.000000
INFO:root:pop 8 at test 3 with seed 1620230252
INFO:root:partial fitness = 0.000000
INFO:root:pop 8 at test 4 with seed 1800317193
INFO:root:partial fitness = 0.000000
INFO:root:pop 8 at test 5 with seed 3164707275
INFO:root:partial fitness = 0.000000
INFO:root:pop 8 at test 6 with seed 1536250782
INFO:root:partial fitness = 0.000000
INFO:root:pop 8 at test 7 with seed 3473250070
INFO:root:partial fitness = 0.000000
INFO:root:pop 8 at test 8 with seed 2253942771
INFO:root:partial fitness = 0.000000
INFO:root:pop 8 at test 9 with seed 2345493813
INFO:root:partial fitness = 0.000000
INFO:root:pop 9 at test 0 with seed 2020012415
INFO:root:partial fitness = 0.000000
INFO:root:pop 9 at test 1 with seed 1093075510
INFO:root:partial fitness = 0.000000
INFO:root:pop 9 at test 2 with seed 2636374103
INFO:root:partial fitness = 0.000000
INFO:root:pop 9 at test 3 with seed 1620230252
INFO:root:partial fitness = 0.000000
INFO:root:pop 9 at test 4 with seed 1800317193
INFO:root:partial fitness = 0.000000
INFO:root:pop 9 at test 5 with seed 3164707275
INFO:root:partial fitness = 0.000000
INFO:root:pop 9 at test 6 with seed 1536250782
INFO:root:partial fitness = 0.000000
INFO:root:pop 9 at test 7 with seed 3473250070
INFO:root:partial fitness = 0.000000
INFO:root:pop 9 at test 8 with seed 2253942771
INFO:root:partial fitness = 0.000000
INFO:root:pop 9 at test 9 with seed 2345493813
INFO:root:partial fitness = 0.000000
INFO:root:pop 0 total fitness = 0
INFO:root:pop 0 avg fitness = 0
INFO:root:pop 1 total fitness = 0
INFO:root:pop 1 avg fitness = 0
INFO:root:pop 2 total fitness = 0
INFO:root:pop 2 avg fitness = 0
INFO:root:pop 3 total fitness = 0
INFO:root:pop 3 avg fitness = 0
INFO:root:pop 4 total fitness = 0
INFO:root:pop 4 avg fitness = 0
INFO:root:pop 5 total fitness = 0
INFO:root:pop 5 avg fitness = 0
INFO:root:pop 6 total fitness = 0
INFO:root:pop 6 avg fitness = 0
INFO:root:pop 7 total fitness = 0
INFO:root:pop 7 avg fitness = 0
INFO:root:pop 8 total fitness = 0
INFO:root:pop 8 avg fitness = 0
INFO:root:pop 9 total fitness = 0
INFO:root:pop 9 avg fitness = 0
