INFO:root:Starting generation: 0
INFO:root:Seeds for generation: [3451972007, 2205394911, 3652031715, 2142477539, 766604883, 1285659770, 2095155978, 100757875, 1685606793, 2942631523]
INFO:root:pop 0 at test 0 with seed 3451972007
INFO:root:partial fitness = 0.000000
INFO:root:pop 0 at test 1 with seed 2205394911
INFO:root:partial fitness = 0.000000
INFO:root:pop 0 at test 2 with seed 3652031715
INFO:root:partial fitness = 0.000000
INFO:root:pop 0 at test 3 with seed 2142477539
INFO:root:partial fitness = 0.000000
INFO:root:pop 0 at test 4 with seed 766604883
INFO:root:partial fitness = 0.000000
INFO:root:pop 0 at test 5 with seed 1285659770
INFO:root:partial fitness = 0.000000
INFO:root:pop 0 at test 6 with seed 2095155978
INFO:root:partial fitness = 0.000000
INFO:root:pop 0 at test 7 with seed 100757875
INFO:root:partial fitness = 0.000000
INFO:root:pop 0 at test 8 with seed 1685606793
INFO:root:partial fitness = 0.000000
INFO:root:pop 0 at test 9 with seed 2942631523
INFO:root:partial fitness = 0.000000
INFO:root:pop 0 at test 0 with seed 3451972007
INFO:root:partial fitness = 0.000000
INFO:root:pop 0 at test 1 with seed 2205394911
INFO:root:partial fitness = 0.000000
INFO:root:pop 0 at test 2 with seed 3652031715
INFO:root:partial fitness = 0.000000
INFO:root:pop 0 at test 3 with seed 2142477539
INFO:root:partial fitness = 0.000000
INFO:root:pop 0 at test 4 with seed 766604883
INFO:root:partial fitness = 0.000000
INFO:root:pop 0 at test 5 with seed 1285659770
INFO:root:partial fitness = 0.000000
INFO:root:pop 0 at test 6 with seed 2095155978
INFO:root:partial fitness = 0.000000
INFO:root:pop 0 at test 7 with seed 100757875
INFO:root:partial fitness = 0.000000
INFO:root:pop 0 at test 8 with seed 1685606793
INFO:root:partial fitness = 0.000000
INFO:root:pop 0 at test 9 with seed 2942631523
INFO:root:partial fitness = 0.000000
INFO:root:pop 1 at test 0 with seed 3451972007
INFO:root:partial fitness = 0.000000
INFO:root:pop 1 at test 1 with seed 2205394911
INFO:root:partial fitness = 0.000000
INFO:root:pop 1 at test 2 with seed 3652031715
INFO:root:partial fitness = 0.000000
INFO:root:pop 1 at test 3 with seed 2142477539
INFO:root:partial fitness = 0.000000
INFO:root:pop 1 at test 4 with seed 766604883
INFO:root:partial fitness = 0.000000
INFO:root:pop 1 at test 5 with seed 1285659770
INFO:root:partial fitness = 0.000000
INFO:root:pop 1 at test 6 with seed 2095155978
INFO:root:partial fitness = 0.000000
INFO:root:pop 1 at test 7 with seed 100757875
INFO:root:partial fitness = 0.000000
INFO:root:pop 1 at test 8 with seed 1685606793
INFO:root:partial fitness = 0.000000
INFO:root:pop 1 at test 9 with seed 2942631523
INFO:root:partial fitness = 0.000000
INFO:root:pop 1 at test 0 with seed 3451972007
INFO:root:partial fitness = 0.000000
INFO:root:pop 1 at test 1 with seed 2205394911
INFO:root:partial fitness = 0.000000
INFO:root:pop 1 at test 2 with seed 3652031715
INFO:root:partial fitness = 0.000000
INFO:root:pop 1 at test 3 with seed 2142477539
INFO:root:partial fitness = 0.000000
INFO:root:pop 1 at test 4 with seed 766604883
INFO:root:partial fitness = 0.000000
INFO:root:pop 1 at test 5 with seed 1285659770
INFO:root:partial fitness = 0.000000
INFO:root:pop 1 at test 6 with seed 2095155978
INFO:root:partial fitness = 0.000000
INFO:root:pop 1 at test 7 with seed 100757875
INFO:root:partial fitness = 0.000000
INFO:root:pop 1 at test 8 with seed 1685606793
INFO:root:partial fitness = 0.000000
INFO:root:pop 1 at test 9 with seed 2942631523
INFO:root:partial fitness = 0.000000
INFO:root:pop 0 total fitness = 0
INFO:root:pop 0 avg fitness = 0
INFO:root:pop 1 total fitness = 0
INFO:root:pop 1 avg fitness = 0
INFO:root:Starting generation: 1
INFO:root:Seeds for generation: [1806170979, 1324151153, 4130854573, 2614281093, 4149494122, 2426495019, 2148252633, 430752843, 1064004903, 1455133679]
INFO:root:pop 0 at test 0 with seed 1806170979
INFO:root:partial fitness = 0
INFO:root:pop 0 at test 1 with seed 1324151153
INFO:root:partial fitness = 0
INFO:root:pop 0 at test 2 with seed 4130854573
INFO:root:partial fitness = 0
INFO:root:pop 0 at test 3 with seed 2614281093
INFO:root:partial fitness = 0
INFO:root:pop 0 at test 4 with seed 4149494122
INFO:root:partial fitness = 0
INFO:root:pop 0 at test 5 with seed 2426495019
INFO:root:partial fitness = 0
INFO:root:pop 0 at test 6 with seed 2148252633
INFO:root:partial fitness = 0
INFO:root:pop 0 at test 7 with seed 430752843
INFO:root:partial fitness = 0
INFO:root:pop 0 at test 8 with seed 1064004903
INFO:root:partial fitness = 0
INFO:root:pop 0 at test 9 with seed 1455133679
INFO:root:partial fitness = 0
INFO:root:pop 0 at test 0 with seed 1806170979
INFO:root:partial fitness = 0
INFO:root:pop 0 at test 1 with seed 1324151153
INFO:root:partial fitness = 0
INFO:root:pop 0 at test 2 with seed 4130854573
INFO:root:partial fitness = 0
INFO:root:pop 0 at test 3 with seed 2614281093
INFO:root:partial fitness = 0
INFO:root:pop 0 at test 4 with seed 4149494122
INFO:root:partial fitness = 0
INFO:root:pop 0 at test 5 with seed 2426495019
INFO:root:partial fitness = 0
INFO:root:pop 0 at test 6 with seed 2148252633
INFO:root:partial fitness = 0
INFO:root:pop 0 at test 7 with seed 430752843
INFO:root:partial fitness = 0
INFO:root:pop 0 at test 8 with seed 1064004903
INFO:root:partial fitness = 0
INFO:root:pop 0 at test 9 with seed 1455133679
INFO:root:partial fitness = 0
INFO:root:pop 1 at test 0 with seed 1806170979
INFO:root:partial fitness = 0
INFO:root:pop 1 at test 1 with seed 1324151153
INFO:root:partial fitness = 0
INFO:root:pop 1 at test 2 with seed 4130854573
INFO:root:partial fitness = 0
INFO:root:pop 1 at test 3 with seed 2614281093
INFO:root:partial fitness = 0
INFO:root:pop 1 at test 4 with seed 4149494122
INFO:root:partial fitness = 0
INFO:root:pop 1 at test 5 with seed 2426495019
INFO:root:partial fitness = 0
INFO:root:pop 1 at test 6 with seed 2148252633
INFO:root:partial fitness = 0
INFO:root:pop 1 at test 7 with seed 430752843
INFO:root:partial fitness = 0
INFO:root:pop 1 at test 8 with seed 1064004903
INFO:root:partial fitness = 0
INFO:root:pop 1 at test 9 with seed 1455133679
INFO:root:partial fitness = 0
INFO:root:pop 1 at test 0 with seed 1806170979
INFO:root:partial fitness = 0
INFO:root:pop 1 at test 1 with seed 1324151153
INFO:root:partial fitness = 0
INFO:root:pop 1 at test 2 with seed 4130854573
INFO:root:partial fitness = 0
INFO:root:pop 1 at test 3 with seed 2614281093
INFO:root:partial fitness = 0
INFO:root:pop 1 at test 4 with seed 4149494122
INFO:root:partial fitness = 0
INFO:root:pop 1 at test 5 with seed 2426495019
INFO:root:partial fitness = 0
INFO:root:pop 1 at test 6 with seed 2148252633
INFO:root:partial fitness = 0
INFO:root:pop 1 at test 7 with seed 430752843
INFO:root:partial fitness = 0
INFO:root:pop 1 at test 8 with seed 1064004903
INFO:root:partial fitness = 0
INFO:root:pop 1 at test 9 with seed 1455133679
INFO:root:partial fitness = 0
INFO:root:pop 0 total fitness = 0
INFO:root:pop 0 avg fitness = 0
INFO:root:pop 1 total fitness = 0
INFO:root:pop 1 avg fitness = 0
